This is pdfTeX, Version 3.1415926-2.4-1.40.13 (TeX Live 2012) (format=pdflatex 2012.6.30)  2 JUL 2014 16:28
entering extended mode
 \write18 enabled.
 %&-line parsing enabled.
**paper.tex
(./paper.tex
LaTeX2e <2011/06/27>
Babel <v3.8m> and hyphenation patterns for english, dumylang, nohyphenation, ge
rman-x-2012-05-30, ngerman-x-2012-05-30, afrikaans, ancientgreek, ibycus, arabi
c, armenian, basque, bulgarian, catalan, pinyin, coptic, croatian, czech, danis
h, dutch, ukenglish, usenglishmax, esperanto, estonian, ethiopic, farsi, finnis
h, french, friulan, galician, german, ngerman, swissgerman, monogreek, greek, h
ungarian, icelandic, assamese, bengali, gujarati, hindi, kannada, malayalam, ma
rathi, oriya, panjabi, tamil, telugu, indonesian, interlingua, irish, italian, 
kurmanji, latin, latvian, lithuanian, mongolian, mongolianlmc, bokmal, nynorsk,
 polish, portuguese, romanian, romansh, russian, sanskrit, serbian, serbianc, s
lovak, slovenian, spanish, swedish, turkish, turkmen, ukrainian, uppersorbian, 
welsh, loaded.
(./sigplanconf.cls
Document Class: sigplanconf 2013/07/02 v2.8 ACM SIGPLAN Proceedings
\@numheaddepth=\count79
(/usr/local/texlive/2012/texmf-dist/tex/latex/base/article.cls
Document Class: article 2007/10/19 v1.4h Standard LaTeX document class
(/usr/local/texlive/2012/texmf-dist/tex/latex/base/size10.clo
File: size10.clo 2007/10/19 v1.4h Standard LaTeX file (size option)
)
\c@part=\count80
\c@section=\count81
\c@subsection=\count82
\c@subsubsection=\count83
\c@paragraph=\count84
\c@subparagraph=\count85
\c@figure=\count86
\c@table=\count87
\abovecaptionskip=\skip41
\belowcaptionskip=\skip42
\bibindent=\dimen102
)
\standardtextwidth=\dimen103
\standardvspace=\skip43

Using natbib package with 'numbers' citation style.
(/usr/local/texlive/2012/texmf-dist/tex/latex/natbib/natbib.sty
Package: natbib 2010/09/13 8.31b (PWD, AO)
\bibhang=\skip44
\bibsep=\skip45
LaTeX Info: Redefining \cite on input line 694.
\c@NAT@ctr=\count88
)
\@sectionaboveskip=\skip46
\@sectionbelowskip=\skip47
\@subsectionaboveskip=\skip48
\@subsectionbelowskip=\skip49
\@paragraphaboveskip=\skip50
\@authorcount=\count89
\@titlenotecount=\count90
\@titlenotetext=\toks14
\@fnmark=\toks15
\@authori=\count91
\@measbox=\box26
)
(/usr/local/texlive/2012/texmf-dist/tex/latex/base/inputenc.sty
Package: inputenc 2008/03/30 v1.1d Input encoding file
\inpenc@prehook=\toks16
\inpenc@posthook=\toks17

(/usr/local/texlive/2012/texmf-dist/tex/latex/base/latin1.def
File: latin1.def 2008/03/30 v1.1d Input encoding file
))
(/usr/local/texlive/2012/texmf-dist/tex/latex/amsmath/amsmath.sty
Package: amsmath 2000/07/18 v2.13 AMS math features
\@mathmargin=\skip51

For additional information on amsmath, use the `?' option.
(/usr/local/texlive/2012/texmf-dist/tex/latex/amsmath/amstext.sty
Package: amstext 2000/06/29 v2.01

(/usr/local/texlive/2012/texmf-dist/tex/latex/amsmath/amsgen.sty
File: amsgen.sty 1999/11/30 v2.0
\@emptytoks=\toks18
\ex@=\dimen104
))
(/usr/local/texlive/2012/texmf-dist/tex/latex/amsmath/amsbsy.sty
Package: amsbsy 1999/11/29 v1.2d
\pmbraise@=\dimen105
)
(/usr/local/texlive/2012/texmf-dist/tex/latex/amsmath/amsopn.sty
Package: amsopn 1999/12/14 v2.01 operator names
)
\inf@bad=\count92
LaTeX Info: Redefining \frac on input line 211.
\uproot@=\count93
\leftroot@=\count94
LaTeX Info: Redefining \overline on input line 307.
\classnum@=\count95
\DOTSCASE@=\count96
LaTeX Info: Redefining \ldots on input line 379.
LaTeX Info: Redefining \dots on input line 382.
LaTeX Info: Redefining \cdots on input line 467.
\Mathstrutbox@=\box27
\strutbox@=\box28
\big@size=\dimen106
LaTeX Font Info:    Redeclaring font encoding OML on input line 567.
LaTeX Font Info:    Redeclaring font encoding OMS on input line 568.
\macc@depth=\count97
\c@MaxMatrixCols=\count98
\dotsspace@=\muskip10
\c@parentequation=\count99
\dspbrk@lvl=\count100
\tag@help=\toks19
\row@=\count101
\column@=\count102
\maxfields@=\count103
\andhelp@=\toks20
\eqnshift@=\dimen107
\alignsep@=\dimen108
\tagshift@=\dimen109
\tagwidth@=\dimen110
\totwidth@=\dimen111
\lineht@=\dimen112
\@envbody=\toks21
\multlinegap=\skip52
\multlinetaggap=\skip53
\mathdisplay@stack=\toks22
LaTeX Info: Redefining \[ on input line 2666.
LaTeX Info: Redefining \] on input line 2667.
)
(/usr/local/texlive/2012/texmf-dist/tex/latex/tools/xspace.sty
Package: xspace 2009/10/20 v1.13 Space after command names (DPC,MH)
)
(/usr/local/texlive/2012/texmf-dist/tex/latex/amsfonts/amsfonts.sty
Package: amsfonts 2009/06/22 v3.00 Basic AMSFonts support
\symAMSa=\mathgroup4
\symAMSb=\mathgroup5
LaTeX Font Info:    Overwriting math alphabet `\mathfrak' in version `bold'
(Font)                  U/euf/m/n --> U/euf/b/n on input line 96.
)
(/usr/local/texlive/2012/texmf-dist/tex/latex/amsfonts/amssymb.sty
Package: amssymb 2009/06/22 v3.00
)
(/usr/local/texlive/2012/texmf-dist/tex/latex/base/latexsym.sty
Package: latexsym 1998/08/17 v2.2e Standard LaTeX package (lasy symbols)
\symlasy=\mathgroup6
LaTeX Font Info:    Overwriting symbol font `lasy' in version `bold'
(Font)                  U/lasy/m/n --> U/lasy/b/n on input line 47.
)
(/usr/local/texlive/2012/texmf-dist/tex/latex/graphics/graphicx.sty
Package: graphicx 1999/02/16 v1.0f Enhanced LaTeX Graphics (DPC,SPQR)

(/usr/local/texlive/2012/texmf-dist/tex/latex/graphics/keyval.sty
Package: keyval 1999/03/16 v1.13 key=value parser (DPC)
\KV@toks@=\toks23
)
(/usr/local/texlive/2012/texmf-dist/tex/latex/graphics/graphics.sty
Package: graphics 2009/02/05 v1.0o Standard LaTeX Graphics (DPC,SPQR)

(/usr/local/texlive/2012/texmf-dist/tex/latex/graphics/trig.sty
Package: trig 1999/03/16 v1.09 sin cos tan (DPC)
)
(/usr/local/texlive/2012/texmf-dist/tex/latex/latexconfig/graphics.cfg
File: graphics.cfg 2010/04/23 v1.9 graphics configuration of TeX Live
)
Package graphics Info: Driver file: pdftex.def on input line 91.

(/usr/local/texlive/2012/texmf-dist/tex/latex/pdftex-def/pdftex.def
File: pdftex.def 2011/05/27 v0.06d Graphics/color for pdfTeX

(/usr/local/texlive/2012/texmf-dist/tex/generic/oberdiek/infwarerr.sty
Package: infwarerr 2010/04/08 v1.3 Providing info/warning/error messages (HO)
)
(/usr/local/texlive/2012/texmf-dist/tex/generic/oberdiek/ltxcmds.sty
Package: ltxcmds 2011/11/09 v1.22 LaTeX kernel commands for general use (HO)
)
\Gread@gobject=\count104
))
\Gin@req@height=\dimen113
\Gin@req@width=\dimen114
)
(/usr/local/texlive/2012/texmf-dist/tex/latex/algorithms/algorithm.sty
Package: algorithm 2009/08/24 v0.1 Document Style `algorithm' - floating enviro
nment

(/usr/local/texlive/2012/texmf-dist/tex/latex/float/float.sty
Package: float 2001/11/08 v1.3d Float enhancements (AL)
\c@float@type=\count105
\float@exts=\toks24
\float@box=\box29
\@float@everytoks=\toks25
\@floatcapt=\box30
)
(/usr/local/texlive/2012/texmf-dist/tex/latex/base/ifthen.sty
Package: ifthen 2001/05/26 v1.1c Standard LaTeX ifthen package (DPC)
)
\@float@every@algorithm=\toks26
\c@algorithm=\count106
)
(/usr/local/texlive/2012/texmf-dist/tex/latex/algorithmicx/algpseudocode.sty
Package: algpseudocode 

(/usr/local/texlive/2012/texmf-dist/tex/latex/algorithmicx/algorithmicx.sty
Package: algorithmicx 2005/04/27 v1.2 Algorithmicx

Document Style algorithmicx 1.2 - a greatly improved `algorithmic' style
\c@ALG@line=\count107
\c@ALG@rem=\count108
\c@ALG@nested=\count109
\ALG@tlm=\skip54
\ALG@thistlm=\skip55
\c@ALG@Lnr=\count110
\c@ALG@blocknr=\count111
\c@ALG@storecount=\count112
\c@ALG@tmpcounter=\count113
\ALG@tmplength=\skip56
)
Document Style - pseudocode environments for use with the `algorithmicx' style
) (/usr/local/texlive/2012/texmf-dist/tex/latex/url/url.sty
\Urlmuskip=\muskip11
Package: url 2006/04/12  ver 3.3  Verb mode for urls, etc.
)
(/usr/local/texlive/2012/texmf-dist/tex/latex/amscls/amsthm.sty
Package: amsthm 2009/07/02 v2.20.1
\thm@style=\toks27
\thm@bodyfont=\toks28
\thm@headfont=\toks29
\thm@notefont=\toks30
\thm@headpunct=\toks31
\thm@preskip=\skip57
\thm@postskip=\skip58
\thm@headsep=\skip59
\dth@everypar=\toks32
)
(/usr/local/texlive/2012/texmf-dist/tex/latex/graphics/color.sty
Package: color 2005/11/14 v1.0j Standard LaTeX Color (DPC)

(/usr/local/texlive/2012/texmf-dist/tex/latex/latexconfig/color.cfg
File: color.cfg 2007/01/18 v1.5 color configuration of teTeX/TeXLive
)
Package color Info: Driver file: pdftex.def on input line 130.
)
(/usr/local/texlive/2012/texmf-dist/tex/latex/fancyvrb/fancyvrb.sty
Package: fancyvrb 2008/02/07

Style option: `fancyvrb' v2.7a, with DG/SPQR fixes, and firstline=lastline fix 
<2008/02/07> (tvz)
\FV@CodeLineNo=\count114
\FV@InFile=\read1
\FV@TabBox=\box31
\c@FancyVerbLine=\count115
\FV@StepNumber=\count116
\FV@OutFile=\write3
) (./mathpartir.sty
Package: mathpartir 2005/12/20 version 1.2.0 Math Paragraph for Typesetting Inf
erence Rules
\mpr@andskip=\skip60
\mpr@lista=\toks33
\mpr@listb=\toks34
\mpr@hlist=\box32
\mpr@vlist=\box33
\mpr@right=\box34
)
(/usr/local/texlive/2012/texmf-dist/tex/latex/caption/caption.sty
Package: caption 2012/02/19 v3.2f Customizing captions (AR)

(/usr/local/texlive/2012/texmf-dist/tex/latex/caption/caption3.sty
Package: caption3 2012/01/12 v1.4b caption3 kernel (AR)
\captionmargin=\dimen115
\captionmargin@=\dimen116
\captionwidth=\dimen117
\caption@indent=\dimen118
\caption@parindent=\dimen119
\caption@hangindent=\dimen120
Package caption Info: Unknown document class (or package),
(caption)             standard defaults will be used.
)

Package caption Warning: Unsupported document class (or package) detected,
(caption)                usage of the caption package is not recommended.
See the caption package documentation for explanation.

Package caption Info: \@makecaption = \long macro:#1#2->\addvspace {4pt} \if \@
caprule \hrule width \hsize height .33pt \vspace {4pt} \fi \setbox \@tempboxa =
 \hbox {\@setfigurenumber {#1.}\nut #2}\if \@dimgtrp {\wd \@tempboxa }{\hsize }
\noindent \@setfigurenumber {#1.}\nut #2\par \else \centerline {\box \@tempboxa
 }\fi .
\c@ContinuedFloat=\count117
Package caption Info: float package is loaded.
) (/usr/local/texlive/2012/texmf-dist/tex/latex/caption/subcaption.sty
Package: subcaption 2012/01/12 v1.1d Sub-captions (AR)
\c@subfigure=\count118
\c@subtable=\count119
)
(/Users/erez/Library/texmf/tex/latex/pgf_2/tex/latex/pgf/frontendlayer/tikz.sty
(/Users/erez/Library/texmf/tex/latex/pgf_2/tex/latex/pgf/basiclayer/pgf.sty
(/Users/erez/Library/texmf/tex/latex/pgf_2/tex/latex/pgf/utilities/pgfrcs.sty
(/Users/erez/Library/texmf/tex/latex/pgf_2/tex/generic/pgf/utilities/pgfutil-co
mmon.tex
\pgfutil@everybye=\toks35
)
(/Users/erez/Library/texmf/tex/latex/pgf_2/tex/generic/pgf/utilities/pgfutil-la
tex.def
\pgfutil@abb=\box35
 (/usr/local/texlive/2012/texmf-dist/tex/latex/ms/everyshi.sty
Package: everyshi 2001/05/15 v3.00 EveryShipout Package (MS)
))
(/Users/erez/Library/texmf/tex/latex/pgf_2/tex/generic/pgf/utilities/pgfrcs.cod
e.tex
Package: pgfrcs 2010/10/25 v2.10 (rcs-revision 1.24)
))
Package: pgf 2008/01/15 v2.10 (rcs-revision 1.12)

(/Users/erez/Library/texmf/tex/latex/pgf_2/tex/latex/pgf/basiclayer/pgfcore.sty

(/Users/erez/Library/texmf/tex/latex/pgf_2/tex/latex/pgf/systemlayer/pgfsys.sty

(/Users/erez/Library/texmf/tex/latex/pgf_2/tex/generic/pgf/systemlayer/pgfsys.c
ode.tex
Package: pgfsys 2010/06/30 v2.10 (rcs-revision 1.37)

(/Users/erez/Library/texmf/tex/latex/pgf_2/tex/generic/pgf/utilities/pgfkeys.co
de.tex
\pgfkeys@pathtoks=\toks36
\pgfkeys@temptoks=\toks37

(/Users/erez/Library/texmf/tex/latex/pgf_2/tex/generic/pgf/utilities/pgfkeysfil
tered.code.tex
\pgfkeys@tmptoks=\toks38
))
\pgf@x=\dimen121
\pgf@y=\dimen122
\pgf@xa=\dimen123
\pgf@ya=\dimen124
\pgf@xb=\dimen125
\pgf@yb=\dimen126
\pgf@xc=\dimen127
\pgf@yc=\dimen128
\w@pgf@writea=\write4
\r@pgf@reada=\read2
\c@pgf@counta=\count120
\c@pgf@countb=\count121
\c@pgf@countc=\count122
\c@pgf@countd=\count123

(/Users/erez/Library/texmf/tex/latex/pgf_2/tex/generic/pgf/systemlayer/pgf.cfg
File: pgf.cfg 2008/05/14  (rcs-revision 1.7)
)
Package pgfsys Info: Driver file for pgf: pgfsys-pdftex.def on input line 900.

(/Users/erez/Library/texmf/tex/latex/pgf_2/tex/generic/pgf/systemlayer/pgfsys-p
dftex.def
File: pgfsys-pdftex.def 2009/05/22  (rcs-revision 1.26)

(/Users/erez/Library/texmf/tex/latex/pgf_2/tex/generic/pgf/systemlayer/pgfsys-c
ommon-pdf.def
File: pgfsys-common-pdf.def 2008/05/19  (rcs-revision 1.10)
)))
(/Users/erez/Library/texmf/tex/latex/pgf_2/tex/generic/pgf/systemlayer/pgfsysso
ftpath.code.tex
File: pgfsyssoftpath.code.tex 2008/07/18  (rcs-revision 1.7)
\pgfsyssoftpath@smallbuffer@items=\count124
\pgfsyssoftpath@bigbuffer@items=\count125
)
(/Users/erez/Library/texmf/tex/latex/pgf_2/tex/generic/pgf/systemlayer/pgfsyspr
otocol.code.tex
File: pgfsysprotocol.code.tex 2006/10/16  (rcs-revision 1.4)
))
(/usr/local/texlive/2012/texmf-dist/tex/latex/xcolor/xcolor.sty
Package: xcolor 2007/01/21 v2.11 LaTeX color extensions (UK)

(/usr/local/texlive/2012/texmf-dist/tex/latex/latexconfig/color.cfg
File: color.cfg 2007/01/18 v1.5 color configuration of teTeX/TeXLive
)
Package xcolor Info: Driver file: pdftex.def on input line 225.
LaTeX Info: Redefining \color on input line 702.
Package xcolor Info: Model `cmy' substituted by `cmy0' on input line 1337.
Package xcolor Info: Model `hsb' substituted by `rgb' on input line 1341.
Package xcolor Info: Model `RGB' extended on input line 1353.
Package xcolor Info: Model `HTML' substituted by `rgb' on input line 1355.
Package xcolor Info: Model `Hsb' substituted by `hsb' on input line 1356.
Package xcolor Info: Model `tHsb' substituted by `hsb' on input line 1357.
Package xcolor Info: Model `HSB' substituted by `hsb' on input line 1358.
Package xcolor Info: Model `Gray' substituted by `gray' on input line 1359.
Package xcolor Info: Model `wave' substituted by `hsb' on input line 1360.
)
(/Users/erez/Library/texmf/tex/latex/pgf_2/tex/generic/pgf/basiclayer/pgfcore.c
ode.tex
Package: pgfcore 2010/04/11 v2.10 (rcs-revision 1.7)

(/Users/erez/Library/texmf/tex/latex/pgf_2/tex/generic/pgf/math/pgfmath.code.te
x
(/Users/erez/Library/texmf/tex/latex/pgf_2/tex/generic/pgf/math/pgfmathcalc.cod
e.tex
(/Users/erez/Library/texmf/tex/latex/pgf_2/tex/generic/pgf/math/pgfmathutil.cod
e.tex)
(/Users/erez/Library/texmf/tex/latex/pgf_2/tex/generic/pgf/math/pgfmathparser.c
ode.tex
\pgfmath@dimen=\dimen129
\pgfmath@count=\count126
\pgfmath@box=\box36
\pgfmath@toks=\toks39
\pgfmath@stack@operand=\toks40
\pgfmath@stack@operation=\toks41
)
(/Users/erez/Library/texmf/tex/latex/pgf_2/tex/generic/pgf/math/pgfmathfunction
s.code.tex
(/Users/erez/Library/texmf/tex/latex/pgf_2/tex/generic/pgf/math/pgfmathfunction
s.basic.code.tex)
(/Users/erez/Library/texmf/tex/latex/pgf_2/tex/generic/pgf/math/pgfmathfunction
s.trigonometric.code.tex)
(/Users/erez/Library/texmf/tex/latex/pgf_2/tex/generic/pgf/math/pgfmathfunction
s.random.code.tex)
(/Users/erez/Library/texmf/tex/latex/pgf_2/tex/generic/pgf/math/pgfmathfunction
s.comparison.code.tex)
(/Users/erez/Library/texmf/tex/latex/pgf_2/tex/generic/pgf/math/pgfmathfunction
s.base.code.tex)
(/Users/erez/Library/texmf/tex/latex/pgf_2/tex/generic/pgf/math/pgfmathfunction
s.round.code.tex)
(/Users/erez/Library/texmf/tex/latex/pgf_2/tex/generic/pgf/math/pgfmathfunction
s.misc.code.tex)))
(/Users/erez/Library/texmf/tex/latex/pgf_2/tex/generic/pgf/math/pgfmathfloat.co
de.tex
\c@pgfmathroundto@lastzeros=\count127
))
(/Users/erez/Library/texmf/tex/latex/pgf_2/tex/generic/pgf/basiclayer/pgfcorepo
ints.code.tex
File: pgfcorepoints.code.tex 2010/04/09  (rcs-revision 1.20)
\pgf@picminx=\dimen130
\pgf@picmaxx=\dimen131
\pgf@picminy=\dimen132
\pgf@picmaxy=\dimen133
\pgf@pathminx=\dimen134
\pgf@pathmaxx=\dimen135
\pgf@pathminy=\dimen136
\pgf@pathmaxy=\dimen137
\pgf@xx=\dimen138
\pgf@xy=\dimen139
\pgf@yx=\dimen140
\pgf@yy=\dimen141
\pgf@zx=\dimen142
\pgf@zy=\dimen143
)
(/Users/erez/Library/texmf/tex/latex/pgf_2/tex/generic/pgf/basiclayer/pgfcorepa
thconstruct.code.tex
File: pgfcorepathconstruct.code.tex 2010/08/03  (rcs-revision 1.24)
\pgf@path@lastx=\dimen144
\pgf@path@lasty=\dimen145
)
(/Users/erez/Library/texmf/tex/latex/pgf_2/tex/generic/pgf/basiclayer/pgfcorepa
thusage.code.tex
File: pgfcorepathusage.code.tex 2008/04/22  (rcs-revision 1.12)
\pgf@shorten@end@additional=\dimen146
\pgf@shorten@start@additional=\dimen147
)
(/Users/erez/Library/texmf/tex/latex/pgf_2/tex/generic/pgf/basiclayer/pgfcoresc
opes.code.tex
File: pgfcorescopes.code.tex 2010/09/08  (rcs-revision 1.34)
\pgfpic=\box37
\pgf@hbox=\box38
\pgf@layerbox@main=\box39
\pgf@picture@serial@count=\count128
)
(/Users/erez/Library/texmf/tex/latex/pgf_2/tex/generic/pgf/basiclayer/pgfcoregr
aphicstate.code.tex
File: pgfcoregraphicstate.code.tex 2008/04/22  (rcs-revision 1.9)
\pgflinewidth=\dimen148
)
(/Users/erez/Library/texmf/tex/latex/pgf_2/tex/generic/pgf/basiclayer/pgfcoretr
ansformations.code.tex
File: pgfcoretransformations.code.tex 2009/06/10  (rcs-revision 1.11)
\pgf@pt@x=\dimen149
\pgf@pt@y=\dimen150
\pgf@pt@temp=\dimen151
)
(/Users/erez/Library/texmf/tex/latex/pgf_2/tex/generic/pgf/basiclayer/pgfcorequ
ick.code.tex
File: pgfcorequick.code.tex 2008/10/09  (rcs-revision 1.3)
)
(/Users/erez/Library/texmf/tex/latex/pgf_2/tex/generic/pgf/basiclayer/pgfcoreob
jects.code.tex
File: pgfcoreobjects.code.tex 2006/10/11  (rcs-revision 1.2)
)
(/Users/erez/Library/texmf/tex/latex/pgf_2/tex/generic/pgf/basiclayer/pgfcorepa
thprocessing.code.tex
File: pgfcorepathprocessing.code.tex 2008/10/09  (rcs-revision 1.8)
)
(/Users/erez/Library/texmf/tex/latex/pgf_2/tex/generic/pgf/basiclayer/pgfcorear
rows.code.tex
File: pgfcorearrows.code.tex 2008/04/23  (rcs-revision 1.11)
)
(/Users/erez/Library/texmf/tex/latex/pgf_2/tex/generic/pgf/basiclayer/pgfcoresh
ade.code.tex
File: pgfcoreshade.code.tex 2008/11/23  (rcs-revision 1.13)
\pgf@max=\dimen152
\pgf@sys@shading@range@num=\count129
)
(/Users/erez/Library/texmf/tex/latex/pgf_2/tex/generic/pgf/basiclayer/pgfcoreim
age.code.tex
File: pgfcoreimage.code.tex 2010/03/25  (rcs-revision 1.16)

(/Users/erez/Library/texmf/tex/latex/pgf_2/tex/generic/pgf/basiclayer/pgfcoreex
ternal.code.tex
File: pgfcoreexternal.code.tex 2010/09/01  (rcs-revision 1.17)
\pgfexternal@startupbox=\box40
))
(/Users/erez/Library/texmf/tex/latex/pgf_2/tex/generic/pgf/basiclayer/pgfcorela
yers.code.tex
File: pgfcorelayers.code.tex 2010/08/27  (rcs-revision 1.2)
)
(/Users/erez/Library/texmf/tex/latex/pgf_2/tex/generic/pgf/basiclayer/pgfcoretr
ansparency.code.tex
File: pgfcoretransparency.code.tex 2008/01/17  (rcs-revision 1.2)
)
(/Users/erez/Library/texmf/tex/latex/pgf_2/tex/generic/pgf/basiclayer/pgfcorepa
tterns.code.tex
File: pgfcorepatterns.code.tex 2009/07/02  (rcs-revision 1.3)
)))
(/Users/erez/Library/texmf/tex/latex/pgf_2/tex/generic/pgf/modules/pgfmodulesha
pes.code.tex
File: pgfmoduleshapes.code.tex 2010/09/09  (rcs-revision 1.13)
\pgfnodeparttextbox=\box41
)
(/Users/erez/Library/texmf/tex/latex/pgf_2/tex/generic/pgf/modules/pgfmoduleplo
t.code.tex
File: pgfmoduleplot.code.tex 2010/10/22  (rcs-revision 1.8)
)
(/Users/erez/Library/texmf/tex/latex/pgf_2/tex/latex/pgf/compatibility/pgfcomp-
version-0-65.sty
Package: pgfcomp-version-0-65 2007/07/03 v2.10 (rcs-revision 1.7)
\pgf@nodesepstart=\dimen153
\pgf@nodesepend=\dimen154
)
(/Users/erez/Library/texmf/tex/latex/pgf_2/tex/latex/pgf/compatibility/pgfcomp-
version-1-18.sty
Package: pgfcomp-version-1-18 2007/07/23 v2.10 (rcs-revision 1.1)
))
(/Users/erez/Library/texmf/tex/latex/pgf_2/tex/latex/pgf/utilities/pgffor.sty
(/Users/erez/Library/texmf/tex/latex/pgf_2/tex/latex/pgf/utilities/pgfkeys.sty
(/Users/erez/Library/texmf/tex/latex/pgf_2/tex/generic/pgf/utilities/pgfkeys.co
de.tex))
(/Users/erez/Library/texmf/tex/latex/pgf_2/tex/generic/pgf/utilities/pgffor.cod
e.tex
Package: pgffor 2010/03/23 v2.10 (rcs-revision 1.18)
\pgffor@iter=\dimen155
\pgffor@skip=\dimen156
\pgffor@stack=\toks42
\pgffor@toks=\toks43
))
(/Users/erez/Library/texmf/tex/latex/pgf_2/tex/generic/pgf/frontendlayer/tikz/t
ikz.code.tex
Package: tikz 2010/10/13 v2.10 (rcs-revision 1.76)

(/Users/erez/Library/texmf/tex/latex/pgf_2/tex/generic/pgf/libraries/pgflibrary
plothandlers.code.tex
File: pgflibraryplothandlers.code.tex 2010/05/31 v2.10 (rcs-revision 1.15)
\pgf@plot@mark@count=\count130
\pgfplotmarksize=\dimen157
)
\tikz@lastx=\dimen158
\tikz@lasty=\dimen159
\tikz@lastxsaved=\dimen160
\tikz@lastysaved=\dimen161
\tikzleveldistance=\dimen162
\tikzsiblingdistance=\dimen163
\tikz@figbox=\box42
\tikz@tempbox=\box43
\tikztreelevel=\count131
\tikznumberofchildren=\count132
\tikznumberofcurrentchild=\count133
\tikz@fig@count=\count134

(/Users/erez/Library/texmf/tex/latex/pgf_2/tex/generic/pgf/modules/pgfmodulemat
rix.code.tex
File: pgfmodulematrix.code.tex 2010/08/24  (rcs-revision 1.4)
\pgfmatrixcurrentrow=\count135
\pgfmatrixcurrentcolumn=\count136
\pgf@matrix@numberofcolumns=\count137
)
\tikz@expandcount=\count138

(/Users/erez/Library/texmf/tex/latex/pgf_2/tex/generic/pgf/frontendlayer/tikz/l
ibraries/tikzlibrarytopaths.code.tex
File: tikzlibrarytopaths.code.tex 2008/06/17 v2.10 (rcs-revision 1.2)
)))
(/Users/erez/Library/texmf/tex/latex/pgf_2/tex/generic/pgf/frontendlayer/tikz/l
ibraries/tikzlibraryarrows.code.tex
File: tikzlibraryarrows.code.tex 2008/01/09 v2.10 (rcs-revision 1.1)

(/Users/erez/Library/texmf/tex/latex/pgf_2/tex/generic/pgf/libraries/pgflibrary
arrows.code.tex
File: pgflibraryarrows.code.tex 2008/10/27 v2.10 (rcs-revision 1.9)
\arrowsize=\dimen164
))
(/Users/erez/Library/texmf/tex/latex/pgf_2/tex/generic/pgf/frontendlayer/tikz/l
ibraries/tikzlibraryautomata.code.tex
File: tikzlibraryautomata.code.tex 2008/07/14 v2.10 (rcs-revision 1.3)

(/Users/erez/Library/texmf/tex/latex/pgf_2/tex/generic/pgf/frontendlayer/tikz/l
ibraries/tikzlibraryshapes.multipart.code.tex
File: tikzlibraryshapes.multipart.code.tex 2008/01/09 v2.10 (rcs-revision 1.1)

(/Users/erez/Library/texmf/tex/latex/pgf_2/tex/generic/pgf/libraries/shapes/pgf
libraryshapes.multipart.code.tex
File: pgflibraryshapes.multipart.code.tex 2010/01/07 v2.10 (rcs-revision 1.2)
\pgfnodepartlowerbox=\box44
\pgfnodeparttwobox=\box45
\pgfnodepartthreebox=\box46
\pgfnodepartfourbox=\box47
\pgfnodeparttwentybox=\box48
\pgfnodepartnineteenbox=\box49
\pgfnodeparteighteenbox=\box50
\pgfnodepartseventeenbox=\box51
\pgfnodepartsixteenbox=\box52
\pgfnodepartfifteenbox=\box53
\pgfnodepartfourteenbox=\box54
\pgfnodepartthirteenbox=\box55
\pgfnodeparttwelvebox=\box56
\pgfnodepartelevenbox=\box57
\pgfnodeparttenbox=\box58
\pgfnodepartninebox=\box59
\pgfnodeparteightbox=\box60
\pgfnodepartsevenbox=\box61
\pgfnodepartsixbox=\box62
\pgfnodepartfivebox=\box63
)))
(/Users/erez/Library/texmf/tex/latex/pgf_2/tex/generic/pgf/frontendlayer/tikz/l
ibraries/tikzlibraryshapes.symbols.code.tex
File: tikzlibraryshapes.symbols.code.tex 2008/01/09 v2.10 (rcs-revision 1.1)

(/Users/erez/Library/texmf/tex/latex/pgf_2/tex/generic/pgf/libraries/shapes/pgf
libraryshapes.symbols.code.tex
File: pgflibraryshapes.symbols.code.tex 2009/10/27 v2.10 (rcs-revision 1.3)
))
(/Users/erez/Library/texmf/tex/latex/pgf_2/tex/generic/pgf/frontendlayer/tikz/l
ibraries/tikzlibraryshapes.code.tex
File: tikzlibraryshapes.code.tex 2008/01/09 v2.10 (rcs-revision 1.1)

(/Users/erez/Library/texmf/tex/latex/pgf_2/tex/generic/pgf/frontendlayer/tikz/l
ibraries/tikzlibraryshapes.geometric.code.tex
File: tikzlibraryshapes.geometric.code.tex 2008/01/09 v2.10 (rcs-revision 1.1)

(/Users/erez/Library/texmf/tex/latex/pgf_2/tex/generic/pgf/libraries/shapes/pgf
libraryshapes.geometric.code.tex
File: pgflibraryshapes.geometric.code.tex 2008/06/26 v2.10 (rcs-revision 1.1)
))
(/Users/erez/Library/texmf/tex/latex/pgf_2/tex/generic/pgf/frontendlayer/tikz/l
ibraries/tikzlibraryshapes.misc.code.tex
File: tikzlibraryshapes.misc.code.tex 2008/01/09 v2.10 (rcs-revision 1.1)

(/Users/erez/Library/texmf/tex/latex/pgf_2/tex/generic/pgf/libraries/shapes/pgf
libraryshapes.misc.code.tex
File: pgflibraryshapes.misc.code.tex 2008/10/07 v2.10 (rcs-revision 1.3)
))
(/Users/erez/Library/texmf/tex/latex/pgf_2/tex/generic/pgf/frontendlayer/tikz/l
ibraries/tikzlibraryshapes.arrows.code.tex
File: tikzlibraryshapes.arrows.code.tex 2008/01/09 v2.10 (rcs-revision 1.1)

(/Users/erez/Library/texmf/tex/latex/pgf_2/tex/generic/pgf/libraries/shapes/pgf
libraryshapes.arrows.code.tex
File: pgflibraryshapes.arrows.code.tex 2008/06/26 v2.10 (rcs-revision 1.1)
))
(/Users/erez/Library/texmf/tex/latex/pgf_2/tex/generic/pgf/frontendlayer/tikz/l
ibraries/tikzlibraryshapes.callouts.code.tex
(/Users/erez/Library/texmf/tex/latex/pgf_2/tex/generic/pgf/libraries/shapes/pgf
libraryshapes.callouts.code.tex)))
\c@theorem=\count139
\c@example=\count140
\c@definition=\count141
 (./paper.aux

LaTeX Warning: Label `sec:overview' multiply defined.


LaTeX Warning: Label `fig:ex5' multiply defined.

)
\openout1 = `paper.aux'.

LaTeX Font Info:    Checking defaults for OML/cmm/m/it on input line 46.
LaTeX Font Info:    ... okay on input line 46.
LaTeX Font Info:    Checking defaults for T1/cmr/m/n on input line 46.
LaTeX Font Info:    ... okay on input line 46.
LaTeX Font Info:    Checking defaults for OT1/cmr/m/n on input line 46.
LaTeX Font Info:    ... okay on input line 46.
LaTeX Font Info:    Checking defaults for OMS/cmsy/m/n on input line 46.
LaTeX Font Info:    ... okay on input line 46.
LaTeX Font Info:    Checking defaults for OMX/cmex/m/n on input line 46.
LaTeX Font Info:    ... okay on input line 46.
LaTeX Font Info:    Checking defaults for U/cmr/m/n on input line 46.
LaTeX Font Info:    ... okay on input line 46.
LaTeX Font Info:    Try loading font information for OT1+ptm on input line 46.
 (/usr/local/texlive/2012/texmf-dist/tex/latex/psnfss/ot1ptm.fd
File: ot1ptm.fd 2001/06/04 font definitions for OT1/ptm.
)
(/usr/local/texlive/2012/texmf-dist/tex/context/base/supp-pdf.mkii
[Loading MPS to PDF converter (version 2006.09.02).]
\scratchcounter=\count142
\scratchdimen=\dimen165
\scratchbox=\box64
\nofMPsegments=\count143
\nofMParguments=\count144
\everyMPshowfont=\toks44
\MPscratchCnt=\count145
\MPscratchDim=\dimen166
\MPnumerator=\count146
\makeMPintoPDFobject=\count147
\everyMPtoPDFconversion=\toks45
) (/usr/local/texlive/2012/texmf-dist/tex/generic/oberdiek/pdftexcmds.sty
Package: pdftexcmds 2011/11/29 v0.20 Utility functions of pdfTeX for LuaTeX (HO
)

(/usr/local/texlive/2012/texmf-dist/tex/generic/oberdiek/ifluatex.sty
Package: ifluatex 2010/03/01 v1.3 Provides the ifluatex switch (HO)
Package ifluatex Info: LuaTeX not detected.
)
(/usr/local/texlive/2012/texmf-dist/tex/generic/oberdiek/ifpdf.sty
Package: ifpdf 2011/01/30 v2.3 Provides the ifpdf switch (HO)
Package ifpdf Info: pdfTeX in PDF mode is detected.
)
Package pdftexcmds Info: LuaTeX not detected.
Package pdftexcmds Info: \pdf@primitive is available.
Package pdftexcmds Info: \pdf@ifprimitive is available.
Package pdftexcmds Info: \pdfdraftmode found.
)
(/usr/local/texlive/2012/texmf-dist/tex/latex/oberdiek/epstopdf-base.sty
Package: epstopdf-base 2010/02/09 v2.5 Base part for package epstopdf

(/usr/local/texlive/2012/texmf-dist/tex/latex/oberdiek/grfext.sty
Package: grfext 2010/08/19 v1.1 Manage graphics extensions (HO)

(/usr/local/texlive/2012/texmf-dist/tex/generic/oberdiek/kvdefinekeys.sty
Package: kvdefinekeys 2011/04/07 v1.3 Define keys (HO)
))
(/usr/local/texlive/2012/texmf-dist/tex/latex/oberdiek/kvoptions.sty
Package: kvoptions 2011/06/30 v3.11 Key value format for package options (HO)

(/usr/local/texlive/2012/texmf-dist/tex/generic/oberdiek/kvsetkeys.sty
Package: kvsetkeys 2012/04/25 v1.16 Key value parser (HO)

(/usr/local/texlive/2012/texmf-dist/tex/generic/oberdiek/etexcmds.sty
Package: etexcmds 2011/02/16 v1.5 Avoid name clashes with e-TeX commands (HO)
Package etexcmds Info: Could not find \expanded.
(etexcmds)             That can mean that you are not using pdfTeX 1.50 or
(etexcmds)             that some package has redefined \expanded.
(etexcmds)             In the latter case, load this package earlier.
)))
Package grfext Info: Graphics extension search list:
(grfext)             [.png,.pdf,.jpg,.mps,.jpeg,.jbig2,.jb2,.PNG,.PDF,.JPG,.JPE
G,.JBIG2,.JB2,.eps]
(grfext)             \AppendGraphicsExtensions on input line 452.

(/usr/local/texlive/2012/texmf-dist/tex/latex/latexconfig/epstopdf-sys.cfg
File: epstopdf-sys.cfg 2010/07/13 v1.3 Configuration of (r)epstopdf for TeX Liv
e
))
Package caption Info: Begin \AtBeginDocument code.
Package caption Info: End \AtBeginDocument code.

ABD: EveryShipout initializing macros
LaTeX Font Info:    Font shape `OT1/ptm/bx/n' in size <18> not available
(Font)              Font shape `OT1/ptm/b/n' tried instead on input line 60.
 (./macros.tex)
LaTeX Font Info:    Font shape `OT1/ptm/bx/n' in size <11> not available
(Font)              Font shape `OT1/ptm/b/n' tried instead on input line 64.
 (./examples.tex
LaTeX Font Info:    Try loading font information for U+msa on input line 30.

(/usr/local/texlive/2012/texmf-dist/tex/latex/amsfonts/umsa.fd
File: umsa.fd 2009/06/22 v3.00 AMS symbols A
)
LaTeX Font Info:    Try loading font information for U+msb on input line 30.

(/usr/local/texlive/2012/texmf-dist/tex/latex/amsfonts/umsb.fd
File: umsb.fd 2009/06/22 v3.00 AMS symbols B
)
LaTeX Font Info:    Try loading font information for U+lasy on input line 30.

(/usr/local/texlive/2012/texmf-dist/tex/latex/base/ulasy.fd
File: ulasy.fd 1998/08/17 v2.2e LaTeX symbol font definitions
)
Overfull \hbox (3.15039pt too wide) in paragraph at lines 39--47
\OT1/ptm/m/n/9 yield state-ment dur-ing its ex-e-cu-tion must be an-no-tated as
 \OT1/cmtt/m/n/9 yielding\OT1/ptm/m/n/9 .
 []

LaTeX Font Info:    Font shape `OT1/ptm/bx/n' in size <9> not available
(Font)              Font shape `OT1/ptm/b/n' tried instead on input line 74.
[1{/usr/local/texlive/2012/texmf-var/fonts/map/pdftex/updmap/pdftex.map}


Non-PDF special ignored!

]

LaTeX Warning: Reference `sec:formal' on page 2 undefined on input line 246.


Overfull \hbox (43.4967pt too wide) in paragraph at lines 279--279
[]\OT1/cmtt/m/n/9 procedure {:yields} SetColGrayIfWhite({:cnst "tid"} tid:int)[
] 
 []


Overfull \hbox (52.9466pt too wide) in paragraph at lines 279--279
[]\OT1/cmtt/m/n/9 procedure {:yields} L_SetColGrayIfWhite({:cnst "tid"} tid:int
)[] 
 []

) (./language.tex
Overfull \hbox (44.40947pt too wide) in paragraph at lines 3--53
[]
 []


Underfull \hbox (badness 10000) in paragraph at lines 3--53

 []


Underfull \hbox (badness 10000) in paragraph at lines 3--53

 []


Overfull \hbox (3.64964pt too wide) in paragraph at lines 3--53
[]
 []


Underfull \hbox (badness 10000) in paragraph at lines 3--53

 []


Underfull \hbox (badness 10000) in paragraph at lines 3--53

 []


Underfull \hbox (badness 10000) in paragraph at lines 61--125
[]$[] \OT1/cmr/m/n/7 ([])$
 []


Underfull \hbox (badness 10000) in paragraph at lines 61--125
$[] \OT1/cmr/m/n/7 ([])$
 []


Underfull \hbox (badness 10000) in paragraph at lines 61--125
$[] \OT1/cmr/m/n/7 ([])$
 []


Underfull \hbox (badness 10000) in paragraph at lines 61--125
$[] \OT1/cmr/m/n/7 ([])$
 []


Underfull \hbox (badness 10000) in paragraph at lines 61--125
$[] []$
 []


Underfull \hbox (badness 10000) in paragraph at lines 135--238
[]$[] []$
 []


Underfull \hbox (badness 10000) in paragraph at lines 135--238
[] []$
 []


Underfull \hbox (badness 10000) in paragraph at lines 135--238
$[] []$
 []


Underfull \hbox (badness 10000) in paragraph at lines 135--238
$[] []$
 []


Underfull \hbox (badness 10000) in paragraph at lines 135--238
$[] []$
 []


Underfull \hbox (badness 10000) in paragraph at lines 135--238
$[] []$
 []


Underfull \hbox (badness 10000) in paragraph at lines 135--238
$[] []$
 []


Underfull \hbox (badness 10000) in paragraph at lines 135--238
$[] []$
 []


Underfull \hbox (badness 10000) in paragraph at lines 135--238

 []

) (./verification.tex
Underfull \hbox (badness 10000) in paragraph at lines 6--210
[]$[] \OT1/cmr/m/n/7 ([])$ $[] ([])$
 []


Underfull \hbox (badness 10000) in paragraph at lines 6--210
$[] \OT1/cmr/m/n/7 ([])$ $[] ([])$
 []


Overfull \hbox (101.64265pt too wide) in paragraph at lines 6--210
$[] \OT1/cmr/m/n/7 ([])$ $[] ([])$
 []


Underfull \hbox (badness 10000) in paragraph at lines 6--210
$[] \OT1/cmr/m/n/7 ([])$
 []


Underfull \hbox (badness 10000) in paragraph at lines 6--210
$[] \OT1/cmr/m/n/7 ([])$
 []


Underfull \hbox (badness 10000) in paragraph at lines 6--210
$[] \OT1/cmr/m/n/7 ([])$
 []


Underfull \hbox (badness 10000) in paragraph at lines 6--210
$[] \OT1/cmr/m/n/7 ([])$
 []


Underfull \hbox (badness 10000) in paragraph at lines 6--210
$[] \OT1/cmr/m/n/7 ([])$
 []


Underfull \hbox (badness 10000) in paragraph at lines 6--210
$[] \OT1/cmr/m/n/7 ([])$
 []


Overfull \hbox (22.58109pt too wide) in paragraph at lines 6--210
$[] \OT1/cmr/m/n/7 ([])$
 []


Underfull \hbox (badness 10000) in paragraph at lines 6--210
$[] \OT1/cmr/m/n/7 ([])$
 []


Overfull \hbox (27.25629pt too wide) in paragraph at lines 6--210
$[] \OT1/cmr/m/n/7 ([])$
 []


Underfull \hbox (badness 1616) in paragraph at lines 219--418
[]$[] \OT1/cmr/m/n/7 ([])$ $[] ([])$
 []


Underfull \hbox (badness 10000) in paragraph at lines 219--418
$[] \OT1/cmr/m/n/7 ([])$
 []


Underfull \hbox (badness 10000) in paragraph at lines 219--418
$[] \OT1/cmr/m/n/7 ([])$
 []


Underfull \hbox (badness 10000) in paragraph at lines 219--418
$[] \OT1/cmr/m/n/7 ([])$
 []


Underfull \hbox (badness 10000) in paragraph at lines 219--418
[] \OT1/cmr/m/n/7 ([])$
 []


Underfull \hbox (badness 10000) in paragraph at lines 219--418
$[] \OT1/cmr/m/n/7 ([])$
 []


Underfull \hbox (badness 10000) in paragraph at lines 219--418
$[] \OT1/cmr/m/n/7 ([])$
 []


Underfull \hbox (badness 10000) in paragraph at lines 219--418
$[] \OT1/cmr/m/n/7 ([])$
 []


Underfull \hbox (badness 10000) in paragraph at lines 219--418
$[] \OT1/cmr/m/n/7 ([])$
 []


Underfull \hbox (badness 10000) in paragraph at lines 219--418
$[] \OT1/cmr/m/n/7 ([])$
 []


Underfull \hbox (badness 10000) in paragraph at lines 219--418
$[] \OT1/cmr/m/n/7 ([])$
 []


Overfull \hbox (18.5583pt too wide) in paragraph at lines 219--418
$[] \OT1/cmr/m/n/7 ([])$
 []


Underfull \hbox (badness 10000) in paragraph at lines 219--418
$[] \OT1/cmr/m/n/7 ([])$
 []


Underfull \vbox (badness 10000) has occurred while \output is active []

 [2]
Underfull \hbox (badness 10000) in paragraph at lines 448--571
[]$[] \OT1/cmr/m/n/7 ([])$ $[] ([])$
 []


Overfull \hbox (46.05397pt too wide) in paragraph at lines 448--571
$[] \OT1/cmr/m/n/7 ([])$ $[] ([])$
 []


Overfull \hbox (49.21182pt too wide) in paragraph at lines 448--571
$[] \OT1/cmr/m/n/7 ([])$
 []


Overfull \hbox (23.693pt too wide) in paragraph at lines 448--571
$[] \OT1/cmr/m/n/7 ([])$
 []


Underfull \hbox (badness 10000) in paragraph at lines 448--571
$[] \OT1/cmr/m/n/7 ([])$
 []


Underfull \hbox (badness 10000) in paragraph at lines 448--571
$[] \OT1/cmr/m/n/7 ([])$
 []


Underfull \hbox (badness 10000) in paragraph at lines 448--571
$[] \OT1/cmr/m/n/7 ([])$
 []


Underfull \hbox (badness 10000) in paragraph at lines 448--571
$[] \OT1/cmr/m/n/7 ([])$
 []


Underfull \hbox (badness 10000) in paragraph at lines 579--684
[]$[] \OT1/cmr/m/n/7 ([])$ $[] ([])$
 []


Underfull \hbox (badness 10000) in paragraph at lines 579--684
$[] \OT1/cmr/m/n/7 ([])$ $[] ([])$
 []


Underfull \hbox (badness 10000) in paragraph at lines 579--684
$[] \OT1/cmr/m/n/7 ([])$ $[] ([])$
 []


Underfull \hbox (badness 10000) in paragraph at lines 579--684
$[] \OT1/cmr/m/n/7 ([])$ $[] ([])$
 []


Underfull \hbox (badness 10000) in paragraph at lines 579--684
$[] \OT1/cmr/m/n/7 ([])$
 []


Underfull \hbox (badness 10000) in paragraph at lines 579--684
$[] \OT1/cmr/m/n/7 ([])$
 []


Overfull \hbox (45.7062pt too wide) detected at line 701
[]
 []

[3] <YieldTypeCheckingAutomaton.pdf, id=31, 650.43pt x 361.35pt>
File: YieldTypeCheckingAutomaton.pdf Graphic file (type pdf)

<use YieldTypeCheckingAutomaton.pdf>
Package pdftex.def Info: YieldTypeCheckingAutomaton.pdf used on input line 714.

(pdftex.def)             Requested size: 227.6539pt x 126.4744pt.

Underfull \hbox (badness 10000) in paragraph at lines 723--901
[]$[] \OT1/cmr/m/n/7 ([])$ $[] ([])$
 []


Underfull \hbox (badness 10000) in paragraph at lines 723--901
[] \OT1/cmr/m/n/7 ([])$
 []


Underfull \hbox (badness 10000) in paragraph at lines 723--901
$[] \OT1/cmr/m/n/7 ([])$
 []


Underfull \hbox (badness 10000) in paragraph at lines 723--901
$[] \OT1/cmr/m/n/7 ([])$
 []


Underfull \hbox (badness 10000) in paragraph at lines 723--901
$[] \OT1/cmr/m/n/7 ([])$
 []


Underfull \hbox (badness 2310) in paragraph at lines 723--901
$[] \OT1/cmr/m/n/7 ([])$ $[] ([])$
 []


Underfull \hbox (badness 10000) in paragraph at lines 723--901
$[] \OT1/cmr/m/n/7 ([])$
 []


Underfull \hbox (badness 10000) in paragraph at lines 723--901
$[] \OT1/cmr/m/n/7 ([])$
 []


Underfull \hbox (badness 10000) in paragraph at lines 723--901
$[] \OT1/cmr/m/n/7 ([])$
 []


Underfull \hbox (badness 10000) in paragraph at lines 723--901
$[] \OT1/cmr/m/n/7 ([])$
 []


Underfull \hbox (badness 2970) in paragraph at lines 723--901
$[] \OT1/cmr/m/n/7 ([])$ $[] ([])$
 []


Underfull \hbox (badness 10000) in paragraph at lines 723--901
$[] \OT1/cmr/m/n/7 ([])$
 []


Underfull \hbox (badness 10000) in paragraph at lines 911--1097
$[] \OT1/cmr/m/n/7 ([])$
 []


Underfull \hbox (badness 10000) in paragraph at lines 911--1097
$[] \OT1/cmr/m/n/7 ([])$
 []


Underfull \hbox (badness 10000) in paragraph at lines 911--1097
$[] \OT1/cmr/m/n/7 ([])$
 []


Underfull \hbox (badness 10000) in paragraph at lines 911--1097
$[] \OT1/cmr/m/n/7 ([])$
 []


Underfull \hbox (badness 10000) in paragraph at lines 911--1097
$[] \OT1/cmr/m/n/7 ([])$
 []


Underfull \hbox (badness 10000) in paragraph at lines 911--1097
$[] \OT1/cmr/m/n/7 ([])$
 []


Underfull \hbox (badness 10000) in paragraph at lines 911--1097
$[] \OT1/cmr/m/n/7 ([])$
 []


Underfull \hbox (badness 10000) in paragraph at lines 911--1097
$[] \OT1/cmr/m/n/7 ([])$
 []


Underfull \hbox (badness 10000) in paragraph at lines 911--1097
$[] \OT1/cmr/m/n/7 ([])$
 []


Underfull \hbox (badness 10000) in paragraph at lines 911--1097
$[] \OT1/cmr/m/n/7 ([])$
 []


Underfull \hbox (badness 10000) in paragraph at lines 911--1097
$[] \OT1/cmr/m/n/7 ([])$
 []


Underfull \hbox (badness 10000) in paragraph at lines 911--1097
$[] \OT1/cmr/m/n/7 ([])$
 []


Underfull \hbox (badness 10000) in paragraph at lines 911--1097
$[] \OT1/cmr/m/n/7 ([])$
 []

) (./gc.tex [4] [5]) (./paper.bbl [6 <./YieldTypeCheckingAutomaton.pdf>])
[7

] (./paper.aux)

LaTeX Warning: There were undefined references.


LaTeX Warning: There were multiply-defined labels.

 ) 
Here is how much of TeX's memory you used:
 15914 strings out of 493488
 306333 string characters out of 3141326
 440316 words of memory out of 3000000
 18843 multiletter control sequences out of 15000+200000
 32282 words of font info for 71 fonts, out of 3000000 for 9000
 957 hyphenation exceptions out of 8191
 56i,23n,56p,1116b,306s stack positions out of 5000i,500n,10000p,200000b,50000s
{/usr/local/texlive/2012/texmf-dist/fonts/enc/dvips/base/8r.enc}</usr/local/t
exlive/2012/texmf-dist/fonts/type1/public/amsfonts/cmextra/cmex7.pfb></usr/loca
l/texlive/2012/texmf-dist/fonts/type1/public/amsfonts/cm/cmmi5.pfb></usr/local/
texlive/2012/texmf-dist/fonts/type1/public/amsfonts/cm/cmmi6.pfb></usr/local/te
xlive/2012/texmf-dist/fonts/type1/public/amsfonts/cm/cmmi7.pfb></usr/local/texl
ive/2012/texmf-dist/fonts/type1/public/amsfonts/cm/cmmi9.pfb></usr/local/texliv
e/2012/texmf-dist/fonts/type1/public/amsfonts/cm/cmr5.pfb></usr/local/texlive/2
012/texmf-dist/fonts/type1/public/amsfonts/cm/cmr6.pfb></usr/local/texlive/2012
/texmf-dist/fonts/type1/public/amsfonts/cm/cmr7.pfb></usr/local/texlive/2012/te
xmf-dist/fonts/type1/public/amsfonts/cm/cmr9.pfb></usr/local/texlive/2012/texmf
-dist/fonts/type1/public/amsfonts/cm/cmsy5.pfb></usr/local/texlive/2012/texmf-d
ist/fonts/type1/public/amsfonts/cm/cmsy6.pfb></usr/local/texlive/2012/texmf-dis
t/fonts/type1/public/amsfonts/cm/cmsy7.pfb></usr/local/texlive/2012/texmf-dist/
fonts/type1/public/amsfonts/cm/cmsy9.pfb></usr/local/texlive/2012/texmf-dist/fo
nts/type1/public/amsfonts/cm/cmti7.pfb></usr/local/texlive/2012/texmf-dist/font
s/type1/public/amsfonts/cm/cmti9.pfb></usr/local/texlive/2012/texmf-dist/fonts/
type1/public/amsfonts/cm/cmtt9.pfb></usr/local/texlive/2012/texmf-dist/fonts/ty
pe1/public/amsfonts/latxfont/lasy7.pfb></usr/local/texlive/2012/texmf-dist/font
s/type1/public/amsfonts/latxfont/lasy9.pfb></usr/local/texlive/2012/texmf-dist/
fonts/type1/urw/times/utmb8a.pfb></usr/local/texlive/2012/texmf-dist/fonts/type
1/urw/times/utmr8a.pfb></usr/local/texlive/2012/texmf-dist/fonts/type1/urw/time
s/utmri8a.pfb>
Output written on paper.pdf (7 pages, 354724 bytes).
PDF statistics:
 125 PDF objects out of 1000 (max. 8388607)
 92 compressed objects within 1 object stream
 0 named destinations out of 1000 (max. 500000)
 18 words of extra memory for PDF output out of 10000 (max. 10000000)

